<?xml version="1.0" encoding="UTF-8" ?>
<testsuite tests="4" failures="0" name="pl.wysockif.optimizer.algorithms.DataHandlerTest" time="0.492" errors="0" skipped="0">
  <properties>
[...]
</properties>
  <testcase classname="pl.wysockif.optimizer.algorithms.DataHandlerTest" name="should_loadResultCorrectly_when_graphContainsMoreThanOneDeal" time="0.489"/>
  <testcase classname="pl.wysockif.optimizer.algorithms.DataHandlerTest" name="should_returnEmptyList_when_graphDoesNotContainAnyDeal" time="0"/>
  <testcase classname="pl.wysockif.optimizer.algorithms.DataHandlerTest" name="should_loadResultCorrectly_when_graphContainsOnlyOneDeal" time="0.002"/>
  <testcase classname="pl.wysockif.optimizer.algorithms.DataHandlerTest" name="should_throwIllegalArgumentException_when_graphIsUninitialized" time="0.001"/>
</testsuite>